Build started 31/01/2014 15:41:11.
     1>Project "Z:\Downloads\CLM Framework\tbaltrusaitis-clm_framework-fb215dee2098\exe\SimplePuppets\SimplePuppets.vcxproj" on node 3 (build target(s)).
     1>InitializeBuildStatus:
         Creating "Release\SimplePuppets.unsuccessfulbuild" because "AlwaysCreate" was specified.
       ClCompile:
         All outputs are up-to-date.
       Link:
         All outputs are up-to-date.
         SimplePuppets.vcxproj -> Z:\Downloads\CLM Framework\tbaltrusaitis-clm_framework-fb215dee2098\Release\SimplePuppets.exe
       PostBuildEvent:
         xcopy /I /E /Y /D /C "Z:\Downloads\CLM Framework\tbaltrusaitis-clm_framework-fb215dee2098\lib\3rdParty\freeglut\freeglut.dll" "Z:\Downloads\CLM Framework\tbaltrusaitis-clm_framework-fb215dee2098\Release\"
         xcopy /I /E /Y /D /C "Z:\Downloads\CLM Framework\tbaltrusaitis-clm_framework-fb215dee2098\lib\3rdParty\GTK+\bin" "Z:\Downloads\CLM Framework\tbaltrusaitis-clm_framework-fb215dee2098\Release\"
         xcopy /I /E /Y /D /C "Z:\Downloads\CLM Framework\tbaltrusaitis-clm_framework-fb215dee2098\videos\default.wmv" "Z:\Downloads\CLM Framework\tbaltrusaitis-clm_framework-fb215dee2098\Release\"
         :VCEnd
         0 File(s) copied
         0 File(s) copied
         0 File(s) copied
       FinalizeBuildStatus:
         Deleting file "Release\SimplePuppets.unsuccessfulbuild".
         Touching "Release\SimplePuppets.lastbuildstate".
     1>Done Building Project "Z:\Downloads\CLM Framework\tbaltrusaitis-clm_framework-fb215dee2098\exe\SimplePuppets\SimplePuppets.vcxproj" (build target(s)).

Build succeeded.

Time Elapsed 00:00:00.48
