Build started 14/01/2014 14:31:32.
     1>Project "Z:\Downloads\CLM Framework\tbaltrusaitis-clm_framework-fb215dee2098\exe\ConsolePuppets\ConsolePuppets.vcxproj" on node 4 (build target(s)).
     1>InitializeBuildStatus:
         Creating "Debug\ConsolePuppets.unsuccessfulbuild" because "AlwaysCreate" was specified.
       ClCompile:
         All outputs are up-to-date.
       Link:
         z:\Programs\VS2010\VC\bin\link.exe /ERRORREPORT:PROMPT /OUT:"Z:\Downloads\CLM Framework\tbaltrusaitis-clm_framework-fb215dee2098\Debug\ConsolePuppets.exe" /INCREMENTAL:NO /NOLOGO /LIBPATH:"Z:\Downloads\CLM Framework\tbaltrusaitis-clm_framework-fb215dee2098\lib\3rdParty\boost\lib" /LIBPATH:"Z:\Downloads\CLM Framework\tbaltrusaitis-clm_framework-fb215dee2098\lib\3rdParty\boost\boost" /LIBPATH:"Z:\Downloads\CLM Framework\tbaltrusaitis-clm_framework-fb215dee2098\lib\3rdParty\boost" /LIBPATH:"Z:\Downloads\CLM Framework\tbaltrusaitis-clm_framework-fb215dee2098\lib\3rdParty\OpenCV\lib\Release" /LIBPATH:"Z:\Downloads\CLM Framework\tbaltrusaitis-clm_framework-fb215dee2098\\lib\3rdParty\GTK+\lib" /LIBPATH:"Z:\Downloads\CLM Framework\tbaltrusaitis-clm_framework-fb215dee2098\lib\3rdParty\freeglut\lib" /LIBPATH:"Z:\Downloads\CLM Framework\tbaltrusaitis-clm_framework-fb215dee2098\lib\3rdParty\OpenCV\lib\Debug" /LIBPATH:"Z:\Downloads\CLM Framework\tbaltrusaitis-clm_framework-fb215dee2098\lib\3rdParty\boost\lib" "gtk-win32-2.0.lib" "gdk-win32-2.0.lib" "atk-1.0.lib" "gdk_pixbuf-2.0.lib" "pangowin32-1.0.lib" "pangocairo-1.0.lib" "pango-1.0.lib" cairo.lib "gthread-2.0.lib" "gobject-2.0.lib" "gmodule-2.0.lib" "glib-2.0.lib" user32.lib gdi32.lib winspool.lib comdlg32.lib advapi32.lib shell32.lib ole32.lib oleaut32.lib uuid.lib odbc32.lib odbccp32.lib freeglut.lib opencv_calib3d246d.lib opencv_contrib246d.lib opencv_core246d.lib opencv_features2d246d.lib opencv_flann246d.lib opencv_gpu246d.lib opencv_highgui246d.lib opencv_imgproc246d.lib opencv_legacy246d.lib opencv_ml246d.lib opencv_nonfree246d.lib opencv_objdetect246d.lib opencv_photo246d.lib opencv_stitching246d.lib opencv_ts246d.lib opencv_video246d.lib opencv_videostab246d.lib "libboost_filesystem-vc100-mt-gd-1_54.lib" kernel32.lib user32.lib gdi32.lib winspool.lib comdlg32.lib advapi32.lib shell32.lib ole32.lib oleaut32.lib uuid.lib odbc32.lib odbccp32.lib /MANIFEST /ManifestFile:"Debug\ConsolePuppets.exe.intermediate.manifest" /MANIFESTUAC:"level='asInvoker' uiAccess='false'" /DEBUG /PDB:"Z:\Downloads\CLM Framework\tbaltrusaitis-clm_framework-fb215dee2098\Debug\ConsolePuppets.pdb" /SUBSYSTEM:CONSOLE /TLBID:1 /DYNAMICBASE /NXCOMPAT /IMPLIB:"Z:\Downloads\CLM Framework\tbaltrusaitis-clm_framework-fb215dee2098\Debug\ConsolePuppets.lib" /MACHINE:X86 Debug\ConsolePuppets.obj
         "Z:\Downloads\CLM Framework\tbaltrusaitis-clm_framework-fb215dee2098\Debug\CLMWrapper.lib"
         "Z:\Downloads\CLM Framework\tbaltrusaitis-clm_framework-fb215dee2098\Debug\CLM.lib"
         "Z:\Downloads\CLM Framework\tbaltrusaitis-clm_framework-fb215dee2098\Debug\PoseDetectorHaar.lib"
         "Z:\Downloads\CLM Framework\tbaltrusaitis-clm_framework-fb215dee2098\Debug\Puppets.lib"
     1>ConsolePuppets.obj : warning LNK4075: ignoring '/EDITANDCONTINUE' due to '/INCREMENTAL:NO' specification
     1>LINK : warning LNK4098: defaultlib 'LIBCMT' conflicts with use of other libs; use /NODEFAULTLIB:library
     1>Puppets.lib(glew.obj) : warning LNK4099: PDB 'vc100.pdb' was not found with 'Puppets.lib(glew.obj)' or at 'Z:\Downloads\CLM Framework\tbaltrusaitis-clm_framework-fb215dee2098\Debug\vc100.pdb'; linking object as if no debug info
         ConsolePuppets.vcxproj -> Z:\Downloads\CLM Framework\tbaltrusaitis-clm_framework-fb215dee2098\Debug\ConsolePuppets.exe
       Manifest:
         C:\Program Files (x86)\Microsoft SDKs\Windows\v7.0A\bin\mt.exe /nologo /verbose /outputresource:"Z:\Downloads\CLM Framework\tbaltrusaitis-clm_framework-fb215dee2098\Debug\ConsolePuppets.exe;#1" /manifest Debug\ConsolePuppets.exe.intermediate.manifest
       PostBuildEvent:
         xcopy /I /E /Y /D /C "Z:\Downloads\CLM Framework\tbaltrusaitis-clm_framework-fb215dee2098\lib\3rdParty\freeglut\freeglut.dll" "Z:\Downloads\CLM Framework\tbaltrusaitis-clm_framework-fb215dee2098\Debug\"
         xcopy /I /E /Y /D /C "Z:\Downloads\CLM Framework\tbaltrusaitis-clm_framework-fb215dee2098\lib\3rdParty\GTK+\bin" "Z:\Downloads\CLM Framework\tbaltrusaitis-clm_framework-fb215dee2098\Debug\"
         xcopy /I /E /Y /D /C "Z:\Downloads\CLM Framework\tbaltrusaitis-clm_framework-fb215dee2098\videos\default.wmv" "Z:\Downloads\CLM Framework\tbaltrusaitis-clm_framework-fb215dee2098\Debug\"
         :VCEnd
         0 File(s) copied
         0 File(s) copied
         0 File(s) copied
       FinalizeBuildStatus:
         Deleting file "Debug\ConsolePuppets.unsuccessfulbuild".
         Touching "Debug\ConsolePuppets.lastbuildstate".
     1>Done Building Project "Z:\Downloads\CLM Framework\tbaltrusaitis-clm_framework-fb215dee2098\exe\ConsolePuppets\ConsolePuppets.vcxproj" (build target(s)).

Build succeeded.

Time Elapsed 00:00:04.23
