Z:\DOWNLOADS\CLM FRAMEWORK\TBALTRUSAITIS-CLM_FRAMEWORK-FB215DEE2098\DEBUG\SIMPLECLM.EXE
Z:\DOWNLOADS\CLM FRAMEWORK\TBALTRUSAITIS-CLM_FRAMEWORK-FB215DEE2098\DEBUG\SIMPLECLM.PDB
Z:\Downloads\CLM Framework\tbaltrusaitis-clm_framework-fb215dee2098\exe\SimpleCLM\Debug\cl.command.1.tlog
Z:\Downloads\CLM Framework\tbaltrusaitis-clm_framework-fb215dee2098\exe\SimpleCLM\Debug\CL.read.1.tlog
Z:\Downloads\CLM Framework\tbaltrusaitis-clm_framework-fb215dee2098\exe\SimpleCLM\Debug\CL.write.1.tlog
Z:\Downloads\CLM Framework\tbaltrusaitis-clm_framework-fb215dee2098\exe\SimpleCLM\Debug\link.command.1.tlog
Z:\Downloads\CLM Framework\tbaltrusaitis-clm_framework-fb215dee2098\exe\SimpleCLM\Debug\link.read.1.tlog
Z:\Downloads\CLM Framework\tbaltrusaitis-clm_framework-fb215dee2098\exe\SimpleCLM\Debug\link.write.1.tlog
Z:\Downloads\CLM Framework\tbaltrusaitis-clm_framework-fb215dee2098\exe\SimpleCLM\Debug\mt.command.1.tlog
Z:\Downloads\CLM Framework\tbaltrusaitis-clm_framework-fb215dee2098\exe\SimpleCLM\Debug\mt.read.1.tlog
Z:\Downloads\CLM Framework\tbaltrusaitis-clm_framework-fb215dee2098\exe\SimpleCLM\Debug\mt.write.1.tlog
Z:\Downloads\CLM Framework\tbaltrusaitis-clm_framework-fb215dee2098\exe\SimpleCLM\Debug\rc.command.1.tlog
Z:\Downloads\CLM Framework\tbaltrusaitis-clm_framework-fb215dee2098\exe\SimpleCLM\Debug\rc.read.1.tlog
Z:\Downloads\CLM Framework\tbaltrusaitis-clm_framework-fb215dee2098\exe\SimpleCLM\Debug\rc.write.1.tlog
Z:\Downloads\CLM Framework\tbaltrusaitis-clm_framework-fb215dee2098\exe\SimpleCLM\Debug\SimpleCLM.exe.embed.manifest
Z:\DOWNLOADS\CLM FRAMEWORK\TBALTRUSAITIS-CLM_FRAMEWORK-FB215DEE2098\EXE\SIMPLECLM\DEBUG\SIMPLECLM.EXE.EMBED.MANIFEST.RES
Z:\DOWNLOADS\CLM FRAMEWORK\TBALTRUSAITIS-CLM_FRAMEWORK-FB215DEE2098\EXE\SIMPLECLM\DEBUG\SIMPLECLM.EXE.INTERMEDIATE.MANIFEST
Z:\DOWNLOADS\CLM FRAMEWORK\TBALTRUSAITIS-CLM_FRAMEWORK-FB215DEE2098\EXE\SIMPLECLM\DEBUG\SIMPLECLM.OBJ
Z:\Downloads\CLM Framework\tbaltrusaitis-clm_framework-fb215dee2098\exe\SimpleCLM\Debug\SimpleCLM.vcxprojResolveAssemblyReference.cache
Z:\Downloads\CLM Framework\tbaltrusaitis-clm_framework-fb215dee2098\exe\SimpleCLM\Debug\SimpleCLM.write.1.tlog
Z:\Downloads\CLM Framework\tbaltrusaitis-clm_framework-fb215dee2098\exe\SimpleCLM\Debug\SimpleCLM_manifest.rc
Z:\Downloads\CLM Framework\tbaltrusaitis-clm_framework-fb215dee2098\exe\SimpleCLM\Debug\vc100.idb
Z:\DOWNLOADS\CLM FRAMEWORK\TBALTRUSAITIS-CLM_FRAMEWORK-FB215DEE2098\EXE\SIMPLECLM\DEBUG\VC100.PDB
