Build started 14/01/2014 14:31:32.
     1>Project "Z:\Downloads\CLM Framework\tbaltrusaitis-clm_framework-fb215dee2098\exe\SimplePuppets\SimplePuppets.vcxproj" on node 5 (build target(s)).
     1>InitializeBuildStatus:
         Creating "Debug\SimplePuppets.unsuccessfulbuild" because "AlwaysCreate" was specified.
       ClCompile:
         z:\Programs\VS2010\VC\bin\CL.exe /c /I"Z:\Downloads\CLM Framework\tbaltrusaitis-clm_framework-fb215dee2098\\lib\3rdParty\boost\lib" /I"Z:\Downloads\CLM Framework\tbaltrusaitis-clm_framework-fb215dee2098\\lib\3rdParty\boost\boost" /I"Z:\Downloads\CLM Framework\tbaltrusaitis-clm_framework-fb215dee2098\\lib\3rdParty\boost" /I"Z:\Downloads\CLM Framework\tbaltrusaitis-clm_framework-fb215dee2098\\lib\3rdParty\GTK+\include\gtk-2.0" /I"Z:\Downloads\CLM Framework\tbaltrusaitis-clm_framework-fb215dee2098\\lib\3rdParty\GTK+\bin" /I"Z:\Downloads\CLM Framework\tbaltrusaitis-clm_framework-fb215dee2098\\lib\3rdParty\GTK+" /I"Z:\Downloads\CLM Framework\tbaltrusaitis-clm_framework-fb215dee2098\\lib\3rdParty\GTK+\include\glib-2.0" /I"Z:\Downloads\CLM Framework\tbaltrusaitis-clm_framework-fb215dee2098\\lib\3rdParty\GTK+\lib\glib-2.0\include" /I"Z:\Downloads\CLM Framework\tbaltrusaitis-clm_framework-fb215dee2098\\lib\3rdParty\GTK+\include\cairo" /I"Z:\Downloads\CLM Framework\tbaltrusaitis-clm_framework-fb215dee2098\\lib\3rdParty\GTK+\include\pango-1.0" /I"Z:\Downloads\CLM Framework\tbaltrusaitis-clm_framework-fb215dee2098\\lib\3rdParty\GTK+\include\gtk-2.0\gtk" /I"Z:\Downloads\CLM Framework\tbaltrusaitis-clm_framework-fb215dee2098\\lib\3rdParty\GTK+\include\gtk-2.0\gdk" /I"Z:\Downloads\CLM Framework\tbaltrusaitis-clm_framework-fb215dee2098\\lib\3rdParty\GTK+\include\gail-1.0" /I"Z:\Downloads\CLM Framework\tbaltrusaitis-clm_framework-fb215dee2098\\lib\3rdParty\GTK+\include\freetype2" /I"Z:\Downloads\CLM Framework\tbaltrusaitis-clm_framework-fb215dee2098\\lib\3rdParty\GTK+\include\fontconfig" /I"Z:\Downloads\CLM Framework\tbaltrusaitis-clm_framework-fb215dee2098\\lib\3rdParty\GTK+\lib\gtk-2.0\include" /I"Z:\Downloads\CLM Framework\tbaltrusaitis-clm_framework-fb215dee2098\\lib\3rdParty\GTK+\include\gio-win32-2.0" /I"Z:\Downloads\CLM Framework\tbaltrusaitis-clm_framework-fb215dee2098\\lib\3rdParty\GTK+\include\gdk-pixbuf-2.0" /I"Z:\Downloads\CLM Framework\tbaltrusaitis-clm_framework-fb215dee2098\\lib\3rdParty\GTK+\include\atk-1.0" /I"Z:\Downloads\CLM Framework\tbaltrusaitis-clm_framework-fb215dee2098\\lib\3rdParty\freeglut\include" /I"Z:\Downloads\CLM Framework\tbaltrusaitis-clm_framework-fb215dee2098\\lib\local\Puppets\include" /I"Z:\Downloads\CLM Framework\tbaltrusaitis-clm_framework-fb215dee2098\\lib\local\CLM\include" /I"Z:\Downloads\CLM Framework\tbaltrusaitis-clm_framework-fb215dee2098\\lib\local\PoseDetectorHaar\include" /I"Z:\Downloads\CLM Framework\tbaltrusaitis-clm_framework-fb215dee2098\\lib\local\CLMWrapper\include" /I"Z:\Downloads\CLM Framework\tbaltrusaitis-clm_framework-fb215dee2098\lib\3rdParty\freeglut\include" /I"Z:\Downloads\CLM Framework\tbaltrusaitis-clm_framework-fb215dee2098\lib\3rdParty\OpenCV\include\opencv" /I"Z:\Downloads\CLM Framework\tbaltrusaitis-clm_framework-fb215dee2098\lib\3rdParty\OpenCV\include" /I"Z:\Downloads\CLM Framework\tbaltrusaitis-clm_framework-fb215dee2098\lib\3rdParty\boost" /I"Z:\Downloads\CLM Framework\tbaltrusaitis-clm_framework-fb215dee2098\lib\3rdParty\boost\boost" /ZI /nologo /W3 /WX- /Od /Oy- /D WIN32 /D _DEBUG /D _CONSOLE /D _MBCS /Gm /EHsc /RTC1 /MDd /GS /fp:precise /Zc:wchar_t /Zc:forScope /openmp- /Fo"Debug\\" /Fd"Debug\vc100.pdb" /Gd /TP /analyze- /errorReport:prompt SimplePuppets.cpp
         SimplePuppets.cpp
     1>z:\downloads\clm framework\tbaltrusaitis-clm_framework-fb215dee2098\lib\local\clmwrapper\include\clmparameters.h(176): warning C4800: 'int' : forcing value to bool 'true' or 'false' (performance warning)
     1>z:\downloads\clm framework\tbaltrusaitis-clm_framework-fb215dee2098\lib\local\clmwrapper\include\clmparameters.h(183): warning C4800: 'int' : forcing value to bool 'true' or 'false' (performance warning)
     1>z:\downloads\clm framework\tbaltrusaitis-clm_framework-fb215dee2098\exe\simplepuppets\simplepuppets.cpp(200): warning C4244: '=' : conversion from 'double' to 'float', possible loss of data
     1>z:\downloads\clm framework\tbaltrusaitis-clm_framework-fb215dee2098\exe\simplepuppets\simplepuppets.cpp(202): warning C4244: 'argument' : conversion from 'float' to 'int', possible loss of data
     1>z:\downloads\clm framework\tbaltrusaitis-clm_framework-fb215dee2098\exe\simplepuppets\simplepuppets.cpp(205): warning C4244: '=' : conversion from 'double' to 'float', possible loss of data
     1>z:\downloads\clm framework\tbaltrusaitis-clm_framework-fb215dee2098\exe\simplepuppets\simplepuppets.cpp(207): warning C4244: 'argument' : conversion from 'float' to 'int', possible loss of data
       Link:
         z:\Programs\VS2010\VC\bin\link.exe /ERRORREPORT:PROMPT /OUT:"Z:\Downloads\CLM Framework\tbaltrusaitis-clm_framework-fb215dee2098\Debug\SimplePuppets.exe" /INCREMENTAL:NO /NOLOGO /LIBPATH:"Z:\Downloads\CLM Framework\tbaltrusaitis-clm_framework-fb215dee2098\lib\3rdParty\GTK+\bin" /LIBPATH:"Z:\Downloads\CLM Framework\tbaltrusaitis-clm_framework-fb215dee2098\lib\3rdParty\boost\lib" /LIBPATH:"Z:\Downloads\CLM Framework\tbaltrusaitis-clm_framework-fb215dee2098\lib\3rdParty\boost\boost" /LIBPATH:"Z:\Downloads\CLM Framework\tbaltrusaitis-clm_framework-fb215dee2098\lib\3rdParty\boost" /LIBPATH:"Z:\Downloads\CLM Framework\tbaltrusaitis-clm_framework-fb215dee2098\lib\3rdParty\GTK+\lib" /LIBPATH:"Z:\Downloads\CLM Framework\tbaltrusaitis-clm_framework-fb215dee2098\lib\3rdParty\freeglut\lib" /LIBPATH:"Z:\Downloads\CLM Framework\tbaltrusaitis-clm_framework-fb215dee2098\lib\3rdParty\OpenCV\lib\Debug" /LIBPATH:"Z:\Downloads\CLM Framework\tbaltrusaitis-clm_framework-fb215dee2098\lib\3rdParty\boost\lib" "gtk-win32-2.0.lib" "gdk-win32-2.0.lib" "atk-1.0.lib" "gdk_pixbuf-2.0.lib" "pangowin32-1.0.lib" "pangocairo-1.0.lib" "pango-1.0.lib" cairo.lib "gthread-2.0.lib" "gobject-2.0.lib" "gmodule-2.0.lib" "glib-2.0.lib" user32.lib gdi32.lib winspool.lib comdlg32.lib advapi32.lib shell32.lib ole32.lib oleaut32.lib uuid.lib odbc32.lib odbccp32.lib freeglut.lib opencv_calib3d246d.lib opencv_contrib246d.lib opencv_core246d.lib opencv_features2d246d.lib opencv_flann246d.lib opencv_gpu246d.lib opencv_highgui246d.lib opencv_imgproc246d.lib opencv_legacy246d.lib opencv_ml246d.lib opencv_nonfree246d.lib opencv_objdetect246d.lib opencv_photo246d.lib opencv_stitching246d.lib opencv_ts246d.lib opencv_video246d.lib opencv_videostab246d.lib "libboost_filesystem-vc100-mt-gd-1_54.lib" kernel32.lib user32.lib gdi32.lib winspool.lib comdlg32.lib advapi32.lib shell32.lib ole32.lib oleaut32.lib uuid.lib odbc32.lib odbccp32.lib /MANIFEST /ManifestFile:"Debug\SimplePuppets.exe.intermediate.manifest" /MANIFESTUAC:"level='asInvoker' uiAccess='false'" /DEBUG /PDB:"Z:\Downloads\CLM Framework\tbaltrusaitis-clm_framework-fb215dee2098\Debug\SimplePuppets.pdb" /SUBSYSTEM:CONSOLE /TLBID:1 /DYNAMICBASE /NXCOMPAT /IMPLIB:"Z:\Downloads\CLM Framework\tbaltrusaitis-clm_framework-fb215dee2098\Debug\SimplePuppets.lib" /MACHINE:X86 Debug\SimplePuppets.obj
         "Z:\Downloads\CLM Framework\tbaltrusaitis-clm_framework-fb215dee2098\Debug\CLMWrapper.lib"
         "Z:\Downloads\CLM Framework\tbaltrusaitis-clm_framework-fb215dee2098\Debug\CLM.lib"
         "Z:\Downloads\CLM Framework\tbaltrusaitis-clm_framework-fb215dee2098\Debug\PoseDetectorHaar.lib"
         "Z:\Downloads\CLM Framework\tbaltrusaitis-clm_framework-fb215dee2098\Debug\Puppets.lib"
     1>SimplePuppets.obj : warning LNK4075: ignoring '/EDITANDCONTINUE' due to '/INCREMENTAL:NO' specification
     1>LINK : warning LNK4098: defaultlib 'LIBCMT' conflicts with use of other libs; use /NODEFAULTLIB:library
     1>Puppets.lib(glew.obj) : warning LNK4099: PDB 'vc100.pdb' was not found with 'Puppets.lib(glew.obj)' or at 'Z:\Downloads\CLM Framework\tbaltrusaitis-clm_framework-fb215dee2098\Debug\vc100.pdb'; linking object as if no debug info
         SimplePuppets.vcxproj -> Z:\Downloads\CLM Framework\tbaltrusaitis-clm_framework-fb215dee2098\Debug\SimplePuppets.exe
       Manifest:
         C:\Program Files (x86)\Microsoft SDKs\Windows\v7.0A\bin\mt.exe /nologo /verbose /outputresource:"Z:\Downloads\CLM Framework\tbaltrusaitis-clm_framework-fb215dee2098\Debug\SimplePuppets.exe;#1" /manifest Debug\SimplePuppets.exe.intermediate.manifest
       PostBuildEvent:
         xcopy /I /E /Y /D /C "Z:\Downloads\CLM Framework\tbaltrusaitis-clm_framework-fb215dee2098\lib\3rdParty\freeglut\freeglut.dll" "Z:\Downloads\CLM Framework\tbaltrusaitis-clm_framework-fb215dee2098\Debug\"
         xcopy /I /E /Y /D /C "Z:\Downloads\CLM Framework\tbaltrusaitis-clm_framework-fb215dee2098\lib\3rdParty\GTK+\bin" "Z:\Downloads\CLM Framework\tbaltrusaitis-clm_framework-fb215dee2098\Debug\"
         xcopy /I /E /Y /D /C "Z:\Downloads\CLM Framework\tbaltrusaitis-clm_framework-fb215dee2098\videos\default.wmv" "Z:\Downloads\CLM Framework\tbaltrusaitis-clm_framework-fb215dee2098\Debug\"
         :VCEnd
         0 File(s) copied
         0 File(s) copied
         0 File(s) copied
       FinalizeBuildStatus:
         Deleting file "Debug\SimplePuppets.unsuccessfulbuild".
         Touching "Debug\SimplePuppets.lastbuildstate".
     1>Done Building Project "Z:\Downloads\CLM Framework\tbaltrusaitis-clm_framework-fb215dee2098\exe\SimplePuppets\SimplePuppets.vcxproj" (build target(s)).

Build succeeded.

Time Elapsed 00:00:08.39
