Build started 14/01/2014 14:31:32.
     1>Project "Z:\Downloads\CLM Framework\tbaltrusaitis-clm_framework-fb215dee2098\exe\SimpleCLMImg\SimpleCLMImg.vcxproj" on node 3 (build target(s)).
     1>InitializeBuildStatus:
         Creating "Debug\SimpleCLMImg.unsuccessfulbuild" because "AlwaysCreate" was specified.
       ClCompile:
         All outputs are up-to-date.
       Link:
         z:\Programs\VS2010\VC\bin\link.exe /ERRORREPORT:PROMPT /OUT:"Z:\Downloads\CLM Framework\tbaltrusaitis-clm_framework-fb215dee2098\Debug\SimpleCLMImg.exe" /INCREMENTAL:NO /NOLOGO /LIBPATH:"Z:\Downloads\CLM Framework\tbaltrusaitis-clm_framework-fb215dee2098\lib\3rdParty\boost\lib" /LIBPATH:"Z:\Downloads\CLM Framework\tbaltrusaitis-clm_framework-fb215dee2098\lib\3rdParty\OpenCV\lib\Debug" "libboost_filesystem-vc100-mt-gd-1_54.lib" opencv_calib3d246d.lib opencv_contrib246d.lib opencv_core246d.lib opencv_features2d246d.lib opencv_flann246d.lib opencv_gpu246d.lib opencv_highgui246d.lib opencv_imgproc246d.lib opencv_legacy246d.lib opencv_ml246d.lib opencv_nonfree246d.lib opencv_objdetect246d.lib opencv_photo246d.lib opencv_stitching246d.lib opencv_ts246d.lib opencv_video246d.lib opencv_videostab246d.lib kernel32.lib user32.lib gdi32.lib winspool.lib comdlg32.lib advapi32.lib shell32.lib ole32.lib oleaut32.lib uuid.lib odbc32.lib odbccp32.lib /MANIFEST /ManifestFile:"Debug\SimpleCLMImg.exe.intermediate.manifest" /MANIFESTUAC:"level='asInvoker' uiAccess='false'" /DEBUG /PDB:"Z:\Downloads\CLM Framework\tbaltrusaitis-clm_framework-fb215dee2098\Debug\SimpleCLMImg.pdb" /SUBSYSTEM:CONSOLE /TLBID:1 /DYNAMICBASE /NXCOMPAT /IMPLIB:"Z:\Downloads\CLM Framework\tbaltrusaitis-clm_framework-fb215dee2098\Debug\SimpleCLMImg.lib" /MACHINE:X86 Debug\SimpleCLMImg.obj
         "Z:\Downloads\CLM Framework\tbaltrusaitis-clm_framework-fb215dee2098\Debug\CLMWrapper.lib"
         "Z:\Downloads\CLM Framework\tbaltrusaitis-clm_framework-fb215dee2098\Debug\CLM.lib"
         "Z:\Downloads\CLM Framework\tbaltrusaitis-clm_framework-fb215dee2098\Debug\PoseDetectorHaar.lib"
     1>SimpleCLMImg.obj : warning LNK4075: ignoring '/EDITANDCONTINUE' due to '/INCREMENTAL:NO' specification
         SimpleCLMImg.vcxproj -> Z:\Downloads\CLM Framework\tbaltrusaitis-clm_framework-fb215dee2098\Debug\SimpleCLMImg.exe
       Manifest:
         C:\Program Files (x86)\Microsoft SDKs\Windows\v7.0A\bin\mt.exe /nologo /verbose /outputresource:"Z:\Downloads\CLM Framework\tbaltrusaitis-clm_framework-fb215dee2098\Debug\SimpleCLMImg.exe;#1" /manifest Debug\SimpleCLMImg.exe.intermediate.manifest
       PostBuildEvent:
         xcopy /I /E /Y /D "Z:\Downloads\CLM Framework\tbaltrusaitis-clm_framework-fb215dee2098\lib\3rdParty\OpenCV\bin\Debug" "Z:\Downloads\CLM Framework\tbaltrusaitis-clm_framework-fb215dee2098\Debug\"
         :VCEnd
         0 File(s) copied
       FinalizeBuildStatus:
         Deleting file "Debug\SimpleCLMImg.unsuccessfulbuild".
         Touching "Debug\SimpleCLMImg.lastbuildstate".
     1>Done Building Project "Z:\Downloads\CLM Framework\tbaltrusaitis-clm_framework-fb215dee2098\exe\SimpleCLMImg\SimpleCLMImg.vcxproj" (build target(s)).

Build succeeded.

Time Elapsed 00:00:04.28
