Z:\DOWNLOADS\CLM FRAMEWORK\TBALTRUSAITIS-CLM_FRAMEWORK-FB215DEE2098\DEBUG\SIMPLECLMIMG.EXE
Z:\DOWNLOADS\CLM FRAMEWORK\TBALTRUSAITIS-CLM_FRAMEWORK-FB215DEE2098\DEBUG\SIMPLECLMIMG.PDB
Z:\Downloads\CLM Framework\tbaltrusaitis-clm_framework-fb215dee2098\exe\SimpleCLMImg\Debug\cl.command.1.tlog
Z:\Downloads\CLM Framework\tbaltrusaitis-clm_framework-fb215dee2098\exe\SimpleCLMImg\Debug\CL.read.1.tlog
Z:\Downloads\CLM Framework\tbaltrusaitis-clm_framework-fb215dee2098\exe\SimpleCLMImg\Debug\CL.write.1.tlog
Z:\Downloads\CLM Framework\tbaltrusaitis-clm_framework-fb215dee2098\exe\SimpleCLMImg\Debug\link.command.1.tlog
Z:\Downloads\CLM Framework\tbaltrusaitis-clm_framework-fb215dee2098\exe\SimpleCLMImg\Debug\link.read.1.tlog
Z:\Downloads\CLM Framework\tbaltrusaitis-clm_framework-fb215dee2098\exe\SimpleCLMImg\Debug\link.write.1.tlog
Z:\Downloads\CLM Framework\tbaltrusaitis-clm_framework-fb215dee2098\exe\SimpleCLMImg\Debug\mt.command.1.tlog
Z:\Downloads\CLM Framework\tbaltrusaitis-clm_framework-fb215dee2098\exe\SimpleCLMImg\Debug\mt.read.1.tlog
Z:\Downloads\CLM Framework\tbaltrusaitis-clm_framework-fb215dee2098\exe\SimpleCLMImg\Debug\mt.write.1.tlog
Z:\Downloads\CLM Framework\tbaltrusaitis-clm_framework-fb215dee2098\exe\SimpleCLMImg\Debug\rc.command.1.tlog
Z:\Downloads\CLM Framework\tbaltrusaitis-clm_framework-fb215dee2098\exe\SimpleCLMImg\Debug\rc.read.1.tlog
Z:\Downloads\CLM Framework\tbaltrusaitis-clm_framework-fb215dee2098\exe\SimpleCLMImg\Debug\rc.write.1.tlog
Z:\Downloads\CLM Framework\tbaltrusaitis-clm_framework-fb215dee2098\exe\SimpleCLMImg\Debug\SimpleCLMImg.exe.embed.manifest
Z:\DOWNLOADS\CLM FRAMEWORK\TBALTRUSAITIS-CLM_FRAMEWORK-FB215DEE2098\EXE\SIMPLECLMIMG\DEBUG\SIMPLECLMIMG.EXE.EMBED.MANIFEST.RES
Z:\DOWNLOADS\CLM FRAMEWORK\TBALTRUSAITIS-CLM_FRAMEWORK-FB215DEE2098\EXE\SIMPLECLMIMG\DEBUG\SIMPLECLMIMG.EXE.INTERMEDIATE.MANIFEST
Z:\DOWNLOADS\CLM FRAMEWORK\TBALTRUSAITIS-CLM_FRAMEWORK-FB215DEE2098\EXE\SIMPLECLMIMG\DEBUG\SIMPLECLMIMG.OBJ
Z:\Downloads\CLM Framework\tbaltrusaitis-clm_framework-fb215dee2098\exe\SimpleCLMImg\Debug\SimpleCLMImg.vcxprojResolveAssemblyReference.cache
Z:\Downloads\CLM Framework\tbaltrusaitis-clm_framework-fb215dee2098\exe\SimpleCLMImg\Debug\SimpleCLMImg.write.1.tlog
Z:\Downloads\CLM Framework\tbaltrusaitis-clm_framework-fb215dee2098\exe\SimpleCLMImg\Debug\SimpleCLMImg_manifest.rc
Z:\Downloads\CLM Framework\tbaltrusaitis-clm_framework-fb215dee2098\exe\SimpleCLMImg\Debug\vc100.idb
Z:\DOWNLOADS\CLM FRAMEWORK\TBALTRUSAITIS-CLM_FRAMEWORK-FB215DEE2098\EXE\SIMPLECLMIMG\DEBUG\VC100.PDB
